<?xml version="1.0" encoding="UTF-8"?>
<!-- Generated by org.testng.reporters.JUnitReportReporter -->
<testsuite hostname="DESKTOP-RFLLN73" failures="0" tests="1" name="tests.CartTest" time="11.048" errors="0" timestamp="2025-07-23T16:51:42 IST" skipped="0">
  <testcase classname="tests.CartTest" name="testAddToCartFlow" time="11.048"/>
</testsuite> <!-- tests.CartTest -->
